FilterDXFRW::RS_FilterDXFRW()
FilterDXFRW::RS_FilterDXFRW(): OK
FilterDXFRW::fileImport
DXFRW Filter: importing file '/home/rallaz/progs/proyectos/librecad/LibreCAD-rlz/dwgdevel/bloques.dwg'
dwgR::read 1
dwgR::read 2
dwgR::read line version: AC1015
dwgR::processDwg() start processing dwg
dwgReader15::readFileHeader
seekerImageData= 220
UNKNOUWN SECTION= 17181
codepage= 30
count records= 6
Section HEADERS seek= 15819 size= 497
Section CLASSES seek= 16316 size= 2003
Section OBJECTS seek= 176467 size= 870
Section UNKNOWN seek= 0 size= 0
Section R14DATA seek= 177486 size= 4
Section R14REC5 seek= 97 size= 123
position after read section locator records= 79, bit are= 0
file header crc8 0 result= 51680
file header crc8 xor result= 19841
file header CRC= 19841
file header sentinel= 95 a0 4e 28 99 82 1a e5 5e 41 e0 5f 9d 3a 4d 00 position after read file header sentinel= 97, bit are= 0
dwgReader15::readFileHeader END
dwgReader15::readDwgObjectOffsets
Section OBJECTS offset= 176467
Section OBJECTS size= 870
Section OBJECTS maxPos= 177337
Section OBJECTS buf->curPosition()= 176467
start object section buf->curPosition()= 176467
object map section size= 864
object map lastHandle= 1
object map lastLoc= 18323
object map lastHandle= 2
object map lastLoc= 18412
object map lastHandle= 3
object map lastLoc= 18432
object map lastHandle= 5
object map lastLoc= 18455
object map lastHandle= 6
object map lastLoc= 18476
object map lastHandle= 7
object map lastLoc= 18490
object map lastHandle= 8
object map lastLoc= 18504
object map lastHandle= 9
object map lastLoc= 18523
object map lastHandle= 10
object map lastLoc= 18849
object map lastHandle= 12
object map lastLoc= 18893
object map lastHandle= 13
object map lastLoc= 33352
object map lastHandle= 14
object map lastLoc= 20713
object map lastHandle= 15
object map lastLoc= 34100
object map lastHandle= 16
object map lastLoc= 31418
object map lastHandle= 17
object map lastLoc= 31447
object map lastHandle= 18
object map lastLoc= 32727
object map lastHandle= 20
object map lastLoc= 31949
object map lastHandle= 21
object map lastLoc= 32233
object map lastHandle= 22
object map lastLoc= 31650
object map lastHandle= 23
object map lastLoc= 20658
object map lastHandle= 24
object map lastLoc= 34033
object map lastHandle= 25
object map lastLoc= 20692
object map lastHandle= 26
object map lastLoc= 33372
object map lastHandle= 31
object map lastLoc= 30438
object map lastHandle= 32
object map lastLoc= 37286
object map lastHandle= 33
object map lastLoc= 31323
object map lastHandle= 34
object map lastLoc= 37859
object map lastHandle= 39
object map lastLoc= 33157
object map lastHandle= 94
object map lastLoc= 24216
object map lastHandle= 95
object map lastLoc= 24473
object map lastHandle= 99
object map lastLoc= 24495
object map lastHandle= 106
object map lastLoc= 20554
object map lastHandle= 107
object map lastLoc= 33331
object map lastHandle= 126
object map lastLoc= 21395
object map lastHandle= 127
object map lastLoc= 34467
object map lastHandle= 132
object map lastLoc= 36033
object map lastHandle= 158
object map lastLoc= 32751
object map lastHandle= 210
object map lastLoc= 18350
object map lastHandle= 211
object map lastLoc= 38191
object map lastHandle= 212
object map lastLoc= 31343
object map lastHandle= 213
object map lastLoc= 18392
object map lastHandle= 214
object map lastLoc= 25548
object map lastHandle= 215
object map lastLoc= 38409
object map lastHandle= 216
object map lastLoc= 37093
object map lastHandle= 217
object map lastLoc= 25590
object map lastHandle= 234
object map lastLoc= 32561
object map lastHandle= 236
object map lastLoc= 33531
object map lastHandle= 237
object map lastLoc= 33437
object map lastHandle= 238
object map lastLoc= 33625
object map lastHandle= 239
object map lastLoc= 21440
object map lastHandle= 240
object map lastLoc= 22363
object map lastHandle= 241
object map lastLoc= 22466
object map lastHandle= 242
object map lastLoc= 22581
object map lastHandle= 243
object map lastLoc= 22688
object map lastHandle= 244
object map lastLoc= 34836
object map lastHandle= 245
object map lastLoc= 34724
object map lastHandle= 246
object map lastLoc= 23951
object map lastHandle= 247
object map lastLoc= 22806
object map lastHandle= 248
object map lastLoc= 21907
object map lastHandle= 249
object map lastLoc= 23259
object map lastHandle= 250
object map lastLoc= 22027
object map lastHandle= 251
object map lastLoc= 34941
object map lastHandle= 252
object map lastLoc= 23842
object map lastHandle= 253
object map lastLoc= 23033
object map lastHandle= 254
object map lastLoc= 22250
object map lastHandle= 255
object map lastLoc= 21794
object map lastHandle= 268
object map lastLoc= 20748
object map lastHandle= 269
object map lastLoc= 34118
object map lastHandle= 301
object map lastLoc= 20608
object map lastHandle= 302
object map lastLoc= 33920
object map lastHandle= 306
object map lastLoc= 31513
object map lastHandle= 307
object map lastLoc= 32781
object map lastHandle= 308
object map lastLoc= 32812
object map lastHandle= 309
object map lastLoc= 18572
object map lastHandle= 310
object map lastLoc= 18611
object map lastHandle= 311
object map lastLoc= 32971
object map lastHandle= 315
object map lastLoc= 33806
object map lastHandle= 316
object map lastLoc= 37342
object map lastHandle= 325
object map lastLoc= 36002
object map lastHandle= 326
object map lastLoc= 35976
object map lastHandle= 354
object map lastLoc= 39107
object map lastHandle= 357
object map lastLoc= 18651
object map lastHandle= 371
object map lastLoc= 38741
object map lastHandle= 372
object map lastLoc= 69515
object map lastHandle= 373
object map lastLoc= 69484
object map lastHandle= 374
object map lastLoc= 38863
object map lastHandle= 375
object map lastLoc= 38894
object map lastHandle= 430
object map lastLoc= 24542
object map lastHandle= 431
object map lastLoc= 24566
object map lastHandle= 432
object map lastLoc= 32847
object map lastHandle= 446
object map lastLoc= 34144
object map lastHandle= 447
object map lastLoc= 34179
object map lastHandle= 448
object map lastLoc= 20894
object map lastHandle= 449
object map lastLoc= 20929
object map lastHandle= 450
object map lastLoc= 20964
object map lastHandle= 451
object map lastLoc= 21000
object map lastHandle= 452
object map lastLoc= 21036
object map lastHandle= 453
object map lastLoc= 21072
object map lastHandle= 454
object map lastLoc= 21108
object map lastHandle= 455
object map lastLoc= 21144
object map lastHandle= 456
object map lastLoc= 21180
object map lastHandle= 457
object map lastLoc= 21217
object map lastHandle= 458
object map lastLoc= 21252
object map lastHandle= 459
object map lastLoc= 21287
object map lastHandle= 460
object map lastLoc= 21322
object map lastHandle= 461
object map lastLoc= 21358
object map lastHandle= 462
object map lastLoc= 37224
object map lastHandle= 484
object map lastLoc= 22922
object map lastHandle= 485
object map lastLoc= 23146
object map lastHandle= 486
object map lastLoc= 22136
object map lastHandle= 495
object map lastLoc= 23601
object map lastHandle= 496
object map lastLoc= 23725
object map lastHandle= 497
object map lastLoc= 24060
object map lastHandle= 498
object map lastLoc= 23479
object map lastHandle= 499
object map lastLoc= 23369
object map lastHandle= 503
object map lastLoc= 38684
object map lastHandle= 504
object map lastLoc= 63541
object map lastHandle= 505
object map lastLoc= 38627
object map lastHandle= 506
object map lastLoc= 57599
object map lastHandle= 507
object map lastLoc= 69545
object map lastHandle= 511
object map lastLoc= 31377
object map lastHandle= 512
object map lastLoc= 37320
object map lastHandle= 517
object map lastLoc= 57332
object map lastHandle= 518
object map lastLoc= 79725
object map lastHandle= 536
object map lastLoc= 24913
object map lastHandle= 537
object map lastLoc= 25265
object map lastHandle= 538
object map lastLoc= 25312
object map lastHandle= 539
object map lastLoc= 37051
object map lastHandle= 540
object map lastLoc= 36236
object map lastHandle= 541
object map lastLoc= 36213
object map lastHandle= 543
object map lastLoc= 36882
object map lastHandle= 544
object map lastLoc= 31613
object map lastHandle= 545
object map lastLoc= 34214
object map lastHandle= 546
object map lastLoc= 56971
object map lastHandle= 547
object map lastLoc= 36980
object map lastHandle= 548
object map lastLoc= 18687
object map lastHandle= 549
object map lastLoc= 79606
object map lastHandle= 550
object map lastLoc= 79556
object map lastHandle= 551
object map lastLoc= 176415
object map lastHandle= 552
object map lastLoc= 57256
object map lastHandle= 553
object map lastLoc= 36191
object map lastHandle= 554
object map lastLoc= 25339
object map lastHandle= 555
object map lastLoc= 37793
object map lastHandle= 556
object map lastLoc= 57094
object map lastHandle= 557
object map lastLoc= 18733
object map lastHandle= 558
object map lastLoc= 24808
object map lastHandle= 561
object map lastLoc= 18757
object map lastHandle= 564
object map lastLoc= 18784
object map lastHandle= 574
object map lastLoc= 18878
object map lastHandle= 577
object map lastLoc= 33280
object map lastHandle= 582
object map lastLoc= 30486
object map lastHandle= 583
object map lastLoc= 30532
object map lastHandle= 584
object map lastLoc= 30576
object map lastHandle= 585
object map lastLoc= 30620
object map lastHandle= 586
object map lastLoc= 30664
object map lastHandle= 587
object map lastLoc= 30708
object map lastHandle= 588
object map lastLoc= 30752
object map lastHandle= 589
object map lastLoc= 30796
object map lastHandle= 590
object map lastLoc= 30840
object map lastHandle= 591
object map lastLoc= 30884
object map lastHandle= 592
object map lastLoc= 30928
object map lastHandle= 593
object map lastLoc= 30972
object map lastHandle= 598
object map lastLoc= 25612
object map lastHandle= 599
object map lastLoc= 37168
object map lastHandle= 600
object map lastLoc= 28123
object map lastHandle= 601
object map lastLoc= 27783
object map lastHandle= 602
object map lastLoc= 27840
object map lastHandle= 603
object map lastLoc= 27895
object map lastHandle= 604
object map lastLoc= 27950
object map lastHandle= 605
object map lastLoc= 31019
object map lastHandle= 606
object map lastLoc= 31063
object map lastHandle= 607
object map lastLoc= 31114
object map lastHandle= 608
object map lastLoc= 31167
object map lastHandle= 611
object map lastLoc= 28147
object map lastHandle= 612
object map lastLoc= 37196
object map lastHandle= 613
object map lastLoc= 30414
object map lastHandle= 614
object map lastLoc= 30316
object map lastHandle= 615
object map lastLoc= 30365
object map lastHandle= 616
object map lastLoc= 31215
object map lastHandle= 617
object map lastLoc= 31259
object map lastHandle= 627
object map lastLoc= 28008
object map lastHandle= 628
object map lastLoc= 28066
object map lastHandle= 633
object map lastLoc= 37130
object map lastHandle= 634
object map lastLoc= 57034
object map lastHandle= 635
object map lastLoc= 36063
object map lastHandle= 637
object map lastLoc= 24844
object map lastHandle= 638
object map lastLoc= 36149
object map lastHandle= 639
object map lastLoc= 18810
object map lastHandle= 640
object map lastLoc= 76196
object map lastHandle= 641
object map lastLoc= 38970
object map lastHandle= 642
object map lastLoc= 75444
object map lastHandle= 643
object map lastLoc= 38925
object map lastHandle= 644
object map lastLoc= 75381
object map lastHandle= 645
object map lastLoc= 39015
object map lastHandle= 646
object map lastLoc= 75507
object map lastHandle= 647
object map lastLoc= 24168
object map lastHandle= 648
object map lastLoc= 25362
object map lastHandle= 649
object map lastLoc= 32517
object map lastHandle= 650
object map lastLoc= 37361
object map lastHandle= 651
object map lastLoc= 79631
object map lastHandle= 652
object map lastLoc= 76923
object map lastHandle= 653
object map lastLoc= 57406
object map lastHandle= 654
object map lastLoc= 176229
object map lastHandle= 655
object map lastLoc= 57450
object map lastHandle= 656
object map lastLoc= 176322
object map lastHandle= 657
object map lastLoc= 63436
object map lastHandle= 658
object map lastLoc= 57494
object map lastHandle= 659
object map lastLoc= 69378
object map lastHandle= 660
object map lastLoc= 35272
object map lastHandle= 661
object map lastLoc= 43531
object map lastHandle= 662
object map lastLoc= 35316
object map lastHandle= 663
object map lastLoc= 44371
object map lastHandle= 664
object map lastLoc= 35360
object map lastHandle= 665
object map lastLoc= 45211
object map lastHandle= 666
object map lastLoc= 35404
object map lastHandle= 667
object map lastLoc= 46051
object map lastHandle= 668
object map lastLoc= 39243
object map lastHandle= 669
object map lastLoc= 77876
object map lastHandle= 670
object map lastLoc= 39199
object map lastHandle= 671
object map lastLoc= 77036
object map lastHandle= 672
object map lastLoc= 35888
object map lastHandle= 673
object map lastLoc= 55291
object map lastHandle= 674
object map lastLoc= 35448
object map lastHandle= 675
object map lastLoc= 46891
object map lastHandle= 676
object map lastLoc= 35096
object map lastHandle= 677
object map lastLoc= 40171
object map lastHandle= 678
object map lastLoc= 35624
object map lastHandle= 679
object map lastLoc= 50251
object map lastHandle= 680
object map lastLoc= 35140
object map lastHandle= 681
object map lastLoc= 41011
object map lastHandle= 682
object map lastLoc= 39287
object map lastHandle= 683
object map lastLoc= 78716
object map lastHandle= 684
object map lastLoc= 35844
object map lastHandle= 685
object map lastLoc= 54451
object map lastHandle= 686
object map lastLoc= 35536
object map lastHandle= 687
object map lastLoc= 48571
object map lastHandle= 688
object map lastLoc= 35228
object map lastHandle= 689
object map lastLoc= 42691
object map lastHandle= 690
object map lastLoc= 35052
object map lastHandle= 691
object map lastLoc= 39331
object map lastHandle= 692
object map lastLoc= 35492
object map lastHandle= 693
object map lastLoc= 47731
object map lastHandle= 694
object map lastLoc= 35580
object map lastHandle= 695
object map lastLoc= 49411
object map lastHandle= 696
object map lastLoc= 35184
object map lastHandle= 697
object map lastLoc= 41851
object map lastHandle= 698
object map lastLoc= 35756
object map lastHandle= 699
object map lastLoc= 52771
object map lastHandle= 700
object map lastLoc= 35800
object map lastHandle= 701
object map lastLoc= 53611
object map lastHandle= 702
object map lastLoc= 35932
object map lastHandle= 703
object map lastLoc= 56131
object map lastHandle= 704
object map lastLoc= 35712
object map lastHandle= 705
object map lastLoc= 51931
object map lastHandle= 706
object map lastLoc= 35668
object map lastHandle= 707
object map lastLoc= 51091
object map lastHandle= 708
object map lastLoc= 76084
object map lastHandle= 709
object map lastLoc= 24614
object map lastHandle= 710
object map lastLoc= 24590
object map lastHandle= 711
object map lastLoc= 24725
object map lastHandle= 712
object map lastLoc= 24518
object map lastHandle= 713
object map lastLoc= 24751
object map lastHandle= 714
object map lastLoc= 24701
object map lastHandle= 715
object map lastLoc= 24670
object map lastHandle= 716
object map lastLoc= 24638
object map lastHandle= 717
object map lastLoc= 24784
object map section crc8 read= 7288
object map section crc8 calculated= 7288
object section buf->curPosition()= 177333
start object section buf->curPosition()= 177333
object map section size= 2
object map section crc8 read= 464
object map section crc8 calculated= 464
object section buf->curPosition()= 177337
readDwgObjects() Total objects: 266
object map Handle= 1 18323
readDwgObject size: 23
readDwgObject object type: 48
object map Handle= 2 18412
readDwgObject size: 16
readDwgObject object type: 50
object map Handle= 3 18432
readDwgObject size: 19
readDwgObject object type: 52
object map Handle= 5 18455
readDwgObject size: 17
readDwgObject object type: 56
object map Handle= 6 18476
readDwgObject size: 10
readDwgObject object type: 60
object map Handle= 7 18490
readDwgObject size: 10
readDwgObject object type: 62
object map Handle= 8 18504
readDwgObject size: 15
readDwgObject object type: 64
object map Handle= 9 18523
readDwgObject size: 45
readDwgObject object type: 66
object map Handle= 10 18849
readDwgObject size: 25
readDwgObject object type: 68
object map Handle= 12 18893
readDwgObject size: 1657
readDwgObject object type: 42
object map Handle= 13 33352
readDwgObject size: 16
readDwgObject object type: 42
object map Handle= 14 20713
readDwgObject size: 31
readDwgObject object type: 500
object map Handle= 15 34100
readDwgObject size: 14
readDwgObject object type: 501
object map Handle= 16 31418
readDwgObject size: 25
readDwgObject object type: 51
object map Handle= 17 31447
readDwgObject size: 62
readDwgObject object type: 53
object map Handle= 18 32727
readDwgObject size: 20
readDwgObject object type: 67
object map Handle= 20 31949
readDwgObject size: 280
readDwgObject object type: 57
object map Handle= 21 32233
readDwgObject size: 280
readDwgObject object type: 57
object map Handle= 22 31650
readDwgObject size: 295
readDwgObject object type: 57
object map Handle= 23 20658
readDwgObject size: 30
readDwgObject object type: 42
object map Handle= 24 34033
readDwgObject size: 63
readDwgObject object type: 73
object map Handle= 25 20692
readDwgObject size: 17
readDwgObject object type: 42
object map Handle= 26 33372
readDwgObject size: 61
readDwgObject object type: 42
object map Handle= 31 30438
readDwgObject size: 44
readDwgObject object type: 49
object map Handle= 32 37286
readDwgObject size: 30
readDwgObject object type: 4
object map Handle= 33 31323
readDwgObject size: 16
readDwgObject object type: 5
object map Handle= 34 37859
readDwgObject size: 328
readDwgObject object type: 502
object map Handle= 39 33157
readDwgObject size: 119
readDwgObject object type: 69
object map Handle= 94 24216
readDwgObject size: 253
readDwgObject object type: 42
object map Handle= 95 24473
readDwgObject size: 18
readDwgObject object type: 503
object map Handle= 99 24495
readDwgObject size: 19
readDwgObject object type: 503
object map Handle= 106 20554
readDwgObject size: 50
readDwgObject object type: 42
object map Handle= 107 33331
readDwgObject size: 17
readDwgObject object type: 42
object map Handle= 126 21395
readDwgObject size: 41
readDwgObject object type: 42
object map Handle= 127 34467
readDwgObject size: 253
readDwgObject object type: 504
object map Handle= 132 36033
readDwgObject size: 26
readDwgObject object type: 503
object map Handle= 158 32751
readDwgObject size: 26
readDwgObject object type: 67
object map Handle= 210 18350
readDwgObject size: 38
readDwgObject object type: 49
object map Handle= 211 38191
readDwgObject size: 214
readDwgObject object type: 502
object map Handle= 212 31343
readDwgObject size: 30
readDwgObject object type: 4
object map Handle= 213 18392
readDwgObject size: 16
readDwgObject object type: 5
object map Handle= 214 25548
readDwgObject size: 38
readDwgObject object type: 49
object map Handle= 215 38409
readDwgObject size: 214
readDwgObject object type: 502
object map Handle= 216 37093
readDwgObject size: 33
readDwgObject object type: 4
object map Handle= 217 25590
readDwgObject size: 18
readDwgObject object type: 5
object map Handle= 234 32561
readDwgObject size: 162
readDwgObject object type: 65
object map Handle= 236 33531
readDwgObject size: 90
readDwgObject object type: 505
object map Handle= 237 33437
readDwgObject size: 90
readDwgObject object type: 505
object map Handle= 238 33625
readDwgObject size: 177
readDwgObject object type: 505
object map Handle= 239 21440
readDwgObject size: 350
readDwgObject object type: 42
object map Handle= 240 22363
readDwgObject size: 99
readDwgObject object type: 506
object map Handle= 241 22466
readDwgObject size: 111
readDwgObject object type: 506
object map Handle= 242 22581
readDwgObject size: 103
readDwgObject object type: 506
object map Handle= 243 22688
readDwgObject size: 114
readDwgObject object type: 506
object map Handle= 244 34836
readDwgObject size: 101
readDwgObject object type: 506
object map Handle= 245 34724
readDwgObject size: 108
readDwgObject object type: 506
object map Handle= 246 23951
readDwgObject size: 105
readDwgObject object type: 506
object map Handle= 247 22806
readDwgObject size: 112
readDwgObject object type: 506
object map Handle= 248 21907
readDwgObject size: 116
readDwgObject object type: 506
object map Handle= 249 23259
readDwgObject size: 106
readDwgObject object type: 506
object map Handle= 250 22027
readDwgObject size: 105
readDwgObject object type: 506
object map Handle= 251 34941
readDwgObject size: 107
readDwgObject object type: 506
object map Handle= 252 23842
readDwgObject size: 105
readDwgObject object type: 506
object map Handle= 253 23033
readDwgObject size: 109
readDwgObject object type: 506
object map Handle= 254 22250
readDwgObject size: 109
readDwgObject object type: 506
object map Handle= 255 21794
readDwgObject size: 109
readDwgObject object type: 506
object map Handle= 268 20748
readDwgObject size: 142
readDwgObject object type: 42
object map Handle= 269 34118
readDwgObject size: 22
readDwgObject object type: 507
object map Handle= 301 20608
readDwgObject size: 46
readDwgObject object type: 42
object map Handle= 302 33920
readDwgObject size: 109
readDwgObject object type: 508
object map Handle= 306 31513
readDwgObject size: 96
readDwgObject object type: 53
object map Handle= 307 32781
readDwgObject size: 27
readDwgObject object type: 67
object map Handle= 308 32812
readDwgObject size: 31
readDwgObject object type: 67
object map Handle= 309 18572
readDwgObject size: 35
readDwgObject object type: 67
object map Handle= 310 18611
readDwgObject size: 36
readDwgObject object type: 67
object map Handle= 311 32971
readDwgObject size: 182
readDwgObject object type: 69
object map Handle= 315 33806
readDwgObject size: 110
readDwgObject object type: 508
object map Handle= 316 37342
readDwgObject size: 15
readDwgObject object type: 42
object map Handle= 325 36002
readDwgObject size: 27
readDwgObject object type: 503
object map Handle= 326 35976
readDwgObject size: 22
readDwgObject object type: 503
object map Handle= 354 39107
readDwgObject size: 88
readDwgObject object type: 42
object map Handle= 357 18651
readDwgObject size: 32
readDwgObject object type: 67
object map Handle= 371 38741
readDwgObject size: 118
readDwgObject object type: 42
object map Handle= 372 69515
readDwgObject size: 26
readDwgObject object type: 79
object map Handle= 373 69484
readDwgObject size: 27
readDwgObject object type: 79
object map Handle= 374 38863
readDwgObject size: 27
readDwgObject object type: 79
object map Handle= 375 38894
readDwgObject size: 27
readDwgObject object type: 79
object map Handle= 430 24542
readDwgObject size: 20
readDwgObject object type: 503
object map Handle= 431 24566
readDwgObject size: 20
readDwgObject object type: 503
object map Handle= 432 32847
readDwgObject size: 120
readDwgObject object type: 69
object map Handle= 446 34144
readDwgObject size: 31
readDwgObject object type: 507
object map Handle= 447 34179
readDwgObject size: 31
readDwgObject object type: 507
object map Handle= 448 20894
readDwgObject size: 31
readDwgObject object type: 507
object map Handle= 449 20929
readDwgObject size: 31
readDwgObject object type: 507
object map Handle= 450 20964
readDwgObject size: 32
readDwgObject object type: 507
object map Handle= 451 21000
readDwgObject size: 32
readDwgObject object type: 507
object map Handle= 452 21036
readDwgObject size: 32
readDwgObject object type: 507
object map Handle= 453 21072
readDwgObject size: 32
readDwgObject object type: 507
object map Handle= 454 21108
readDwgObject size: 32
readDwgObject object type: 507
object map Handle= 455 21144
readDwgObject size: 32
readDwgObject object type: 507
object map Handle= 456 21180
readDwgObject size: 33
readDwgObject object type: 507
object map Handle= 457 21217
readDwgObject size: 31
readDwgObject object type: 507
object map Handle= 458 21252
readDwgObject size: 31
readDwgObject object type: 507
object map Handle= 459 21287
readDwgObject size: 31
readDwgObject object type: 507
object map Handle= 460 21322
readDwgObject size: 32
readDwgObject object type: 507
object map Handle= 461 21358
readDwgObject size: 33
readDwgObject object type: 507
object map Handle= 462 37224
readDwgObject size: 58
readDwgObject object type: 42
object map Handle= 484 22922
readDwgObject size: 107
readDwgObject object type: 506
object map Handle= 485 23146
readDwgObject size: 109
readDwgObject object type: 506
object map Handle= 486 22136
readDwgObject size: 110
readDwgObject object type: 506
object map Handle= 495 23601
readDwgObject size: 120
readDwgObject object type: 506
object map Handle= 496 23725
readDwgObject size: 113
readDwgObject object type: 506
object map Handle= 497 24060
readDwgObject size: 104
readDwgObject object type: 506
object map Handle= 498 23479
readDwgObject size: 118
readDwgObject object type: 506
object map Handle= 499 23369
readDwgObject size: 106
readDwgObject object type: 506
object map Handle= 503 38684
readDwgObject size: 53
readDwgObject object type: 42
object map Handle= 504 63541
readDwgObject size: 5833
readDwgObject object type: 79
object map Handle= 505 38627
readDwgObject size: 53
readDwgObject object type: 42
object map Handle= 506 57599
readDwgObject size: 5833
readDwgObject object type: 79
object map Handle= 507 69545
readDwgObject size: 5832
readDwgObject object type: 79
object map Handle= 511 31377
readDwgObject size: 37
readDwgObject object type: 42
object map Handle= 512 37320
readDwgObject size: 18
readDwgObject object type: 42
object map Handle= 517 57332
readDwgObject size: 70
readDwgObject object type: 42
object map Handle= 518 79725
readDwgObject size: 96498
readDwgObject object type: 79
object map Handle= 536 24913
readDwgObject size: 348
readDwgObject object type: 42
object map Handle= 537 25265
readDwgObject size: 43
readDwgObject object type: 515
object map Handle= 538 25312
readDwgObject size: 23
readDwgObject object type: 516
object map Handle= 539 37051
readDwgObject size: 38
readDwgObject object type: 517
object map Handle= 540 36236
readDwgObject size: 642
readDwgObject object type: 518
object map Handle= 541 36213
readDwgObject size: 19
readDwgObject object type: 42
object map Handle= 543 36882
readDwgObject size: 94
readDwgObject object type: 520
object map Handle= 544 31613
readDwgObject size: 33
readDwgObject object type: 53
object map Handle= 545 34214
readDwgObject size: 249
readDwgObject object type: 504
object map Handle= 546 56971
readDwgObject size: 59
readDwgObject object type: 521
object map Handle= 547 36980
readDwgObject size: 67
readDwgObject object type: 522
object map Handle= 548 18687
readDwgObject size: 42
readDwgObject object type: 67
object map Handle= 549 79606
readDwgObject size: 21
readDwgObject object type: 523
object map Handle= 550 79556
readDwgObject size: 46
readDwgObject object type: 42
object map Handle= 551 176415
readDwgObject size: 48
readDwgObject object type: 524
object map Handle= 552 57256
readDwgObject size: 72
readDwgObject object type: 525
object map Handle= 553 36191
readDwgObject size: 18
readDwgObject object type: 526
object map Handle= 554 25339
readDwgObject size: 19
readDwgObject object type: 42
object map Handle= 555 37793
readDwgObject size: 62
readDwgObject object type: 527
object map Handle= 556 57094
readDwgObject size: 158
readDwgObject object type: 528
object map Handle= 557 18733
readDwgObject size: 20
readDwgObject object type: 67
object map Handle= 558 24808
readDwgObject size: 32
readDwgObject object type: 42
object map Handle= 561 18757
readDwgObject size: 23
readDwgObject object type: 67
object map Handle= 564 18784
readDwgObject size: 22
readDwgObject object type: 67
object map Handle= 574 18878
readDwgObject size: 11
readDwgObject object type: 70
object map Handle= 577 33280
readDwgObject size: 47
readDwgObject object type: 79
object map Handle= 582 30486
readDwgObject size: 42
readDwgObject object type: 19
object map Handle= 583 30532
readDwgObject size: 40
readDwgObject object type: 19
object map Handle= 584 30576
readDwgObject size: 40
readDwgObject object type: 19
object map Handle= 585 30620
readDwgObject size: 40
readDwgObject object type: 19
object map Handle= 586 30664
readDwgObject size: 40
readDwgObject object type: 19
object map Handle= 587 30708
readDwgObject size: 40
readDwgObject object type: 19
object map Handle= 588 30752
readDwgObject size: 40
readDwgObject object type: 19
object map Handle= 589 30796
readDwgObject size: 40
readDwgObject object type: 19
object map Handle= 590 30840
readDwgObject size: 40
readDwgObject object type: 19
object map Handle= 591 30884
readDwgObject size: 40
readDwgObject object type: 19
object map Handle= 592 30928
readDwgObject size: 40
readDwgObject object type: 19
object map Handle= 593 30972
readDwgObject size: 43
readDwgObject object type: 19
object map Handle= 598 25612
readDwgObject size: 2167
readDwgObject object type: 49
object map Handle= 599 37168
readDwgObject size: 24
readDwgObject object type: 4
object map Handle= 600 28123
readDwgObject size: 20
readDwgObject object type: 5
object map Handle= 601 27783
readDwgObject size: 53
readDwgObject object type: 19
object map Handle= 602 27840
readDwgObject size: 51
readDwgObject object type: 19
object map Handle= 603 27895
readDwgObject size: 51
readDwgObject object type: 19
object map Handle= 604 27950
readDwgObject size: 54
readDwgObject object type: 19
object map Handle= 605 31019
readDwgObject size: 40
readDwgObject object type: 7
object map Handle= 606 31063
readDwgObject size: 47
readDwgObject object type: 19
object map Handle= 607 31114
readDwgObject size: 49
readDwgObject object type: 19
object map Handle= 608 31167
readDwgObject size: 44
readDwgObject object type: 19
object map Handle= 611 28147
readDwgObject size: 2165
readDwgObject object type: 49
object map Handle= 612 37196
readDwgObject size: 24
readDwgObject object type: 4
object map Handle= 613 30414
readDwgObject size: 20
readDwgObject object type: 5
object map Handle= 614 30316
readDwgObject size: 45
readDwgObject object type: 18
object map Handle= 615 30365
readDwgObject size: 45
readDwgObject object type: 18
object map Handle= 616 31215
readDwgObject size: 40
readDwgObject object type: 7
object map Handle= 617 31259
readDwgObject size: 60
readDwgObject object type: 17
object map Handle= 627 28008
readDwgObject size: 54
readDwgObject object type: 19
object map Handle= 628 28066
readDwgObject size: 53
readDwgObject object type: 19
object map Handle= 633 37130
readDwgObject size: 34
readDwgObject object type: 42
object map Handle= 634 57034
readDwgObject size: 56
readDwgObject object type: 525
object map Handle= 635 36063
readDwgObject size: 82
readDwgObject object type: 79
object map Handle= 637 24844
readDwgObject size: 65
readDwgObject object type: 42
object map Handle= 638 36149
readDwgObject size: 38
readDwgObject object type: 79
object map Handle= 639 18810
readDwgObject size: 35
readDwgObject object type: 67
object map Handle= 640 76196
readDwgObject size: 723
readDwgObject object type: 509
object map Handle= 641 38970
readDwgObject size: 41
readDwgObject object type: 42
object map Handle= 642 75444
readDwgObject size: 59
readDwgObject object type: 79
object map Handle= 643 38925
readDwgObject size: 41
readDwgObject object type: 42
object map Handle= 644 75381
readDwgObject size: 59
readDwgObject object type: 79
object map Handle= 645 39015
readDwgObject size: 88
readDwgObject object type: 42
object map Handle= 646 75507
readDwgObject size: 573
readDwgObject object type: 509
object map Handle= 647 24168
readDwgObject size: 44
readDwgObject object type: 79
object map Handle= 648 25362
readDwgObject size: 182
readDwgObject object type: 79
object map Handle= 649 32517
readDwgObject size: 40
readDwgObject object type: 42
object map Handle= 650 37361
readDwgObject size: 428
readDwgObject object type: 79
object map Handle= 651 79631
readDwgObject size: 90
readDwgObject object type: 79
object map Handle= 652 76923
readDwgObject size: 109
readDwgObject object type: 79
object map Handle= 653 57406
readDwgObject size: 40
readDwgObject object type: 42
object map Handle= 654 176229
readDwgObject size: 89
readDwgObject object type: 79
object map Handle= 655 57450
readDwgObject size: 40
readDwgObject object type: 42
object map Handle= 656 176322
readDwgObject size: 89
readDwgObject object type: 79
object map Handle= 657 63436
readDwgObject size: 101
readDwgObject object type: 79
object map Handle= 658 57494
readDwgObject size: 101
readDwgObject object type: 79
object map Handle= 659 69378
readDwgObject size: 102
readDwgObject object type: 79
object map Handle= 660 35272
readDwgObject size: 40
readDwgObject object type: 42
object map Handle= 661 43531
readDwgObject size: 836
readDwgObject object type: 79
object map Handle= 662 35316
readDwgObject size: 40
readDwgObject object type: 42
object map Handle= 663 44371
readDwgObject size: 836
readDwgObject object type: 79
object map Handle= 664 35360
readDwgObject size: 40
readDwgObject object type: 42
object map Handle= 665 45211
readDwgObject size: 836
readDwgObject object type: 79
object map Handle= 666 35404
readDwgObject size: 40
readDwgObject object type: 42
object map Handle= 667 46051
readDwgObject size: 836
readDwgObject object type: 79
object map Handle= 668 39243
readDwgObject size: 40
readDwgObject object type: 42
object map Handle= 669 77876
readDwgObject size: 836
readDwgObject object type: 79
object map Handle= 670 39199
readDwgObject size: 40
readDwgObject object type: 42
object map Handle= 671 77036
readDwgObject size: 836
readDwgObject object type: 79
object map Handle= 672 35888
readDwgObject size: 40
readDwgObject object type: 42
object map Handle= 673 55291
readDwgObject size: 836
readDwgObject object type: 79
object map Handle= 674 35448
readDwgObject size: 40
readDwgObject object type: 42
object map Handle= 675 46891
readDwgObject size: 836
readDwgObject object type: 79
object map Handle= 676 35096
readDwgObject size: 40
readDwgObject object type: 42
object map Handle= 677 40171
readDwgObject size: 836
readDwgObject object type: 79
object map Handle= 678 35624
readDwgObject size: 40
readDwgObject object type: 42
object map Handle= 679 50251
readDwgObject size: 836
readDwgObject object type: 79
object map Handle= 680 35140
readDwgObject size: 40
readDwgObject object type: 42
object map Handle= 681 41011
readDwgObject size: 836
readDwgObject object type: 79
object map Handle= 682 39287
readDwgObject size: 40
readDwgObject object type: 42
object map Handle= 683 78716
readDwgObject size: 836
readDwgObject object type: 79
object map Handle= 684 35844
readDwgObject size: 40
readDwgObject object type: 42
object map Handle= 685 54451
readDwgObject size: 836
readDwgObject object type: 79
object map Handle= 686 35536
readDwgObject size: 40
readDwgObject object type: 42
object map Handle= 687 48571
readDwgObject size: 836
readDwgObject object type: 79
object map Handle= 688 35228
readDwgObject size: 40
readDwgObject object type: 42
object map Handle= 689 42691
readDwgObject size: 836
readDwgObject object type: 79
object map Handle= 690 35052
readDwgObject size: 40
readDwgObject object type: 42
object map Handle= 691 39331
readDwgObject size: 836
readDwgObject object type: 79
object map Handle= 692 35492
readDwgObject size: 40
readDwgObject object type: 42
object map Handle= 693 47731
readDwgObject size: 836
readDwgObject object type: 79
object map Handle= 694 35580
readDwgObject size: 40
readDwgObject object type: 42
object map Handle= 695 49411
readDwgObject size: 836
readDwgObject object type: 79
object map Handle= 696 35184
readDwgObject size: 40
readDwgObject object type: 42
object map Handle= 697 41851
readDwgObject size: 836
readDwgObject object type: 79
object map Handle= 698 35756
readDwgObject size: 40
readDwgObject object type: 42
object map Handle= 699 52771
readDwgObject size: 836
readDwgObject object type: 79
object map Handle= 700 35800
readDwgObject size: 40
readDwgObject object type: 42
object map Handle= 701 53611
readDwgObject size: 836
readDwgObject object type: 79
object map Handle= 702 35932
readDwgObject size: 40
readDwgObject object type: 42
object map Handle= 703 56131
readDwgObject size: 836
readDwgObject object type: 79
object map Handle= 704 35712
readDwgObject size: 40
readDwgObject object type: 42
object map Handle= 705 51931
readDwgObject size: 836
readDwgObject object type: 79
object map Handle= 706 35668
readDwgObject size: 40
readDwgObject object type: 42
object map Handle= 707 51091
readDwgObject size: 836
readDwgObject object type: 79
object map Handle= 708 76084
readDwgObject size: 108
readDwgObject object type: 79
object map Handle= 709 24614
readDwgObject size: 20
readDwgObject object type: 503
object map Handle= 710 24590
readDwgObject size: 20
readDwgObject object type: 503
object map Handle= 711 24725
readDwgObject size: 22
readDwgObject object type: 503
object map Handle= 712 24518
readDwgObject size: 20
readDwgObject object type: 503
object map Handle= 713 24751
readDwgObject size: 29
readDwgObject object type: 503
object map Handle= 714 24701
readDwgObject size: 20
readDwgObject object type: 503
object map Handle= 715 24670
readDwgObject size: 27
readDwgObject object type: 503
object map Handle= 716 24638
readDwgObject size: 28
readDwgObject object type: 503
object map Handle= 717 24784
readDwgObject size: 20
readDwgObject object type: 503
LineTypeMap map Handle= 20 31949

***************************** parsing table entry *********************************************
TableEntry Handle: 0.1.20 ext data size: 0 objSize in bits: 2208, numReactors: 0

***************************** parsing line type *********************************************
linetype name: ByBlock
flags: 64 xrefindex: 0 xdep: 0 flags: 64 desc:  length: 0 align: A num dashes, size: 0
    dashes:

 Remaining bytes: 260
string area 256 bytes:

linetype control Handle: 4.1.5
 Remaining bytes: 2
 reactorsH control Handle: 3.0.0
 XDicObj control Handle: 5.0.0

 Remaining bytes: 0
LineTypeMap map Handle= 21 32233

***************************** parsing table entry *********************************************
TableEntry Handle: 0.1.21 ext data size: 0 objSize in bits: 2208, numReactors: 0

***************************** parsing line type *********************************************
linetype name: ByLayer
flags: 64 xrefindex: 0 xdep: 0 flags: 64 desc:  length: 0 align: A num dashes, size: 0
    dashes:

 Remaining bytes: 260
string area 256 bytes:

linetype control Handle: 4.1.5
 Remaining bytes: 2
 reactorsH control Handle: 3.0.0
 XDicObj control Handle: 5.0.0

 Remaining bytes: 0
LineTypeMap map Handle= 22 31650

***************************** parsing table entry *********************************************
TableEntry Handle: 0.1.22 ext data size: 0 objSize in bits: 2328, numReactors: 0

***************************** parsing line type *********************************************
linetype name: Continuous
flags: 64 xrefindex: 0 xdep: 0 flags: 64 desc: Solid line length: 0 align: A num dashes, size: 0
    dashes:

 Remaining bytes: 260
string area 256 bytes:

linetype control Handle: 4.1.5
 Remaining bytes: 2
 reactorsH control Handle: 3.0.0
 XDicObj control Handle: 5.0.0

 Remaining bytes: 0
LayerMap map Handle= 16 31418

***************************** parsing table entry *********************************************
TableEntry Handle: 0.1.16 ext data size: 0 objSize in bits: 120, numReactors: 0

***************************** parsing layer *********************************************
layer name: 0, flags 2000+: 1008
, entity color: 7
layer control Handle: 4.1.2 XDicObj control Handle: 3.2.316
 XRefH control Handle: 5.0.0
 PLot style control Handle: 5.1.15
line type Handle: 5.1.22
 Remaining bytes: 0
BlockMap map Handle= 31 30438

***************************** parsing table entry *********************************************
TableEntry Handle: 0.1.31 ext data size: 0 objSize in bits: 205, numReactors: 0

***************************** parsing block record ******************************************
block record name: *Model_Space
insertion point X: 0, Y: 0, Z: 0
block control Handle: 4.1.1 XDicObj control Handle: 3.2.462
 NullH control Handle: 5.0.0
 blockH control Handle: 3.1.32
 firstH entity Handle: 4.2.582
 lastH entity Handle: 4.2.617
 endBlockHl Handle: 3.1.33
 layoutH Handle: 5.1.34

 Remaining bytes: 0
BlockMap map Handle= 32 37286

***************************** parsing entity *********************************************
Entity Handle: 0.1.32 ext data size: 0 graphFlag: 0
 objSize in bits: 198
entmode: 0, numReactors: 0, nextLinkers: 0 entity color: 256 ltScale: 1
ltFlags: 0 lineType: bylayer, plotFlags: 0 invisibleFlag: 0 lwFlag (lWeight): 29

***************************** parsing block *********************************************
Block name: *Model_Space
X handleAssoc: 
 Block Handle: 0. XDicObj control Handle: 3.0.0
Remaining bytes: 4
 nextLinkers Handle: 4.0.0

 Remaining bytes: 3
 nextLinkers Handle: 4.0.0

 Remaining bytes: 2
 layer Handle: 5.1.16
   Remaining bytes: 0
BlockMap map Handle= 33 31323

***************************** parsing entity *********************************************
Entity Handle: 0.1.33 ext data size: 0 graphFlag: 0
 objSize in bits: 84
entmode: 0, numReactors: 0, nextLinkers: 0 entity color: 256 ltScale: 1
ltFlags: 0 lineType: bylayer, plotFlags: 0 invisibleFlag: 0 lwFlag (lWeight): 29

***************************** parsing end block *********************************************
X handleAssoc: 
 Block Handle: 0. XDicObj control Handle: 3.0.0
Remaining bytes: 4
 nextLinkers Handle: 4.0.0

 Remaining bytes: 3
 nextLinkers Handle: 4.0.0

 Remaining bytes: 2
 layer Handle: 5.1.16
   Remaining bytes: 0
BlockMap map Handle= 210 18350

***************************** parsing table entry *********************************************
TableEntry Handle: 0.1.210 ext data size: 0 objSize in bits: 205, numReactors: 0

***************************** parsing block record ******************************************
block record name: *Paper_Space
insertion point X: 0, Y: 0, Z: 0
block control Handle: 4.1.1 XDicObj control Handle: 3.0.0
 NullH control Handle: 5.0.0
 blockH control Handle: 3.1.212
 firstH entity Handle: 4.0.0
 lastH entity Handle: 4.0.0
 endBlockHl Handle: 3.1.213
 layoutH Handle: 5.1.211

 Remaining bytes: 0
BlockMap map Handle= 212 31343

***************************** parsing entity *********************************************
Entity Handle: 0.1.212 ext data size: 0 graphFlag: 0
 objSize in bits: 198
entmode: 1, numReactors: 0, nextLinkers: 0 entity color: 256 ltScale: 1
ltFlags: 0 lineType: bylayer, plotFlags: 0 invisibleFlag: 0 lwFlag (lWeight): 29

***************************** parsing block *********************************************
Block name: *Paper_Space
X handleAssoc: 
 Block Handle: 0. XDicObj control Handle: 3.0.0
Remaining bytes: 4
 nextLinkers Handle: 4.0.0

 Remaining bytes: 3
 nextLinkers Handle: 4.0.0

 Remaining bytes: 2
 layer Handle: 5.1.16
   Remaining bytes: 0
BlockMap map Handle= 213 18392

***************************** parsing entity *********************************************
Entity Handle: 0.1.213 ext data size: 0 graphFlag: 0
 objSize in bits: 84
entmode: 1, numReactors: 0, nextLinkers: 0 entity color: 256 ltScale: 1
ltFlags: 0 lineType: bylayer, plotFlags: 0 invisibleFlag: 0 lwFlag (lWeight): 29

***************************** parsing end block *********************************************
X handleAssoc: 
 Block Handle: 0. XDicObj control Handle: 3.0.0
Remaining bytes: 4
 nextLinkers Handle: 4.0.0

 Remaining bytes: 3
 nextLinkers Handle: 4.0.0

 Remaining bytes: 2
 layer Handle: 5.1.16
   Remaining bytes: 0
BlockMap map Handle= 214 25548

***************************** parsing table entry *********************************************
TableEntry Handle: 0.1.214 ext data size: 0 objSize in bits: 205, numReactors: 0

***************************** parsing block record ******************************************
block record name: *Paper_Space
insertion point X: 0, Y: 0, Z: 0
block control Handle: 4.1.1 XDicObj control Handle: 3.0.0
 NullH control Handle: 5.0.0
 blockH control Handle: 3.1.216
 firstH entity Handle: 4.0.0
 lastH entity Handle: 4.0.0
 endBlockHl Handle: 3.1.217
 layoutH Handle: 5.1.215

 Remaining bytes: 0
BlockMap map Handle= 216 37093

***************************** parsing entity *********************************************
Entity Handle: 0.1.216 ext data size: 0 graphFlag: 0
 objSize in bits: 206
entmode: 2, numReactors: 0, nextLinkers: 0 entity color: 256 ltScale: 1
ltFlags: 0 lineType: bylayer, plotFlags: 0 invisibleFlag: 0 lwFlag (lWeight): 29

***************************** parsing block *********************************************
Block name: *Paper_Space0
X handleAssoc: 
owner Handle: 12.1.2
   Remaining bytes: 5
 Block Handle: 214. XDicObj control Handle: 3.0.0
Remaining bytes: 4
 nextLinkers Handle: 4.0.0

 Remaining bytes: 3
 nextLinkers Handle: 4.0.0

 Remaining bytes: 2
 layer Handle: 5.1.16
   Remaining bytes: 0
BlockMap map Handle= 217 25590

***************************** parsing entity *********************************************
Entity Handle: 0.1.217 ext data size: 0 graphFlag: 0
 objSize in bits: 84
entmode: 2, numReactors: 0, nextLinkers: 0 entity color: 256 ltScale: 1
ltFlags: 0 lineType: bylayer, plotFlags: 0 invisibleFlag: 0 lwFlag (lWeight): 29

***************************** parsing end block *********************************************
X handleAssoc: 
owner Handle: 12.1.3
   Remaining bytes: 5
 Block Handle: 214. XDicObj control Handle: 3.0.0
Remaining bytes: 4
 nextLinkers Handle: 4.0.0

 Remaining bytes: 3
 nextLinkers Handle: 4.0.0

 Remaining bytes: 2
 layer Handle: 5.1.16
   Remaining bytes: 0
BlockMap map Handle= 598 25612

***************************** parsing table entry *********************************************
TableEntry Handle: 0.2.598 ext data size: 31App Handle: 5.1.18ext data pos: 0.0
 dxfCode: 0 strLength: 17 str codepage: 30 dxfChar: 68 dxfChar: 101 dxfChar: 115 dxfChar: 105 dxfChar: 103 dxfChar: 110 dxfChar: 67 dxfChar: 101 dxfChar: 110 dxfChar: 116 dxfChar: 101 dxfChar: 114 dxfChar: 32 dxfChar: 68 dxfChar: 97 dxfChar: 116 dxfChar: 97 dxfChar: 2ext data pos: 22.0
 ext data size: 0 objSize in bits: 17159, numReactors: 0

***************************** parsing block record ******************************************
block record name: pep
insertion point X: 0, Y: 0, Z: 0
block control Handle: 4.1.1 XDicObj control Handle: 3.2.633
 NullH control Handle: 5.0.0
 blockH control Handle: 3.2.599
 firstH entity Handle: 4.2.601
 lastH entity Handle: 4.2.628
 endBlockHl Handle: 3.2.600
 insertsH Handle #0: 4.2.605
 layoutH Handle: 5.0.0

 Remaining bytes: 0
BlockMap map Handle= 599 37168

***************************** parsing entity *********************************************
Entity Handle: 0.2.599 ext data size: 0 graphFlag: 0
 objSize in bits: 142
entmode: 2, numReactors: 0, nextLinkers: 0 entity color: 1 ltScale: 1
ltFlags: 0 lineType: bylayer, plotFlags: 0 invisibleFlag: 0 lwFlag (lWeight): 29

***************************** parsing block *********************************************
Block name: pep
X handleAssoc: 
owner Handle: 8.0.0
   Remaining bytes: 5
 Block Handle: 0. XDicObj control Handle: 3.0.0
Remaining bytes: 4
 nextLinkers Handle: 4.0.0

 Remaining bytes: 3
 nextLinkers Handle: 4.0.0

 Remaining bytes: 2
 layer Handle: 5.1.16
   Remaining bytes: 0
BlockMap map Handle= 600 28123

***************************** parsing entity *********************************************
Entity Handle: 0.2.600 ext data size: 0 graphFlag: 0
 objSize in bits: 100
entmode: 2, numReactors: 0, nextLinkers: 0 entity color: 1 ltScale: 1
ltFlags: 0 lineType: bylayer, plotFlags: 0 invisibleFlag: 0 lwFlag (lWeight): 29

***************************** parsing end block *********************************************
X handleAssoc: 
owner Handle: 12.1.2
   Remaining bytes: 5
 Block Handle: 598. XDicObj control Handle: 3.0.0
Remaining bytes: 4
 nextLinkers Handle: 4.0.0

 Remaining bytes: 3
 nextLinkers Handle: 4.0.0

 Remaining bytes: 2
 layer Handle: 5.1.16
   Remaining bytes: 0
BlockMap map Handle= 611 28147

***************************** parsing table entry *********************************************
TableEntry Handle: 0.2.611 ext data size: 31App Handle: 5.1.18ext data pos: 0.0
 dxfCode: 0 strLength: 17 str codepage: 30 dxfChar: 68 dxfChar: 101 dxfChar: 115 dxfChar: 105 dxfChar: 103 dxfChar: 110 dxfChar: 67 dxfChar: 101 dxfChar: 110 dxfChar: 116 dxfChar: 101 dxfChar: 114 dxfChar: 32 dxfChar: 68 dxfChar: 97 dxfChar: 116 dxfChar: 97 dxfChar: 2ext data pos: 22.0
 ext data size: 0 objSize in bits: 17159, numReactors: 0

***************************** parsing block record ******************************************
block record name: pop
insertion point X: 0, Y: 0, Z: 0
block control Handle: 4.1.1 XDicObj control Handle: 3.0.0
 NullH control Handle: 5.0.0
 blockH control Handle: 3.2.612
 firstH entity Handle: 4.2.614
 lastH entity Handle: 4.2.615
 endBlockHl Handle: 3.2.613
 insertsH Handle #0: 4.2.616
 layoutH Handle: 5.0.0

 Remaining bytes: 0
BlockMap map Handle= 612 37196

***************************** parsing entity *********************************************
Entity Handle: 0.2.612 ext data size: 0 graphFlag: 0
 objSize in bits: 142
entmode: 2, numReactors: 0, nextLinkers: 0 entity color: 3 ltScale: 1
ltFlags: 0 lineType: bylayer, plotFlags: 0 invisibleFlag: 0 lwFlag (lWeight): 29

***************************** parsing block *********************************************
Block name: pop
X handleAssoc: 
owner Handle: 8.0.0
   Remaining bytes: 5
 Block Handle: 0. XDicObj control Handle: 3.0.0
Remaining bytes: 4
 nextLinkers Handle: 4.0.0

 Remaining bytes: 3
 nextLinkers Handle: 4.0.0

 Remaining bytes: 2
 layer Handle: 5.1.16
   Remaining bytes: 0
BlockMap map Handle= 613 30414

***************************** parsing entity *********************************************
Entity Handle: 0.2.613 ext data size: 0 graphFlag: 0
 objSize in bits: 100
entmode: 2, numReactors: 0, nextLinkers: 0 entity color: 3 ltScale: 1
ltFlags: 0 lineType: bylayer, plotFlags: 0 invisibleFlag: 0 lwFlag (lWeight): 29

***************************** parsing end block *********************************************
X handleAssoc: 
owner Handle: 12.1.2
   Remaining bytes: 5
 Block Handle: 611. XDicObj control Handle: 3.0.0
Remaining bytes: 4
 nextLinkers Handle: 4.0.0

 Remaining bytes: 3
 nextLinkers Handle: 4.0.0

 Remaining bytes: 2
 layer Handle: 5.1.16
   Remaining bytes: 0
--Layer----------------------------------------------------------------------------
RS_FilterDXF::addLayer,  adding layer: 0
RS_FilterDXF::EntityAttributes:
 Color: 7 Linetype: Continuous Width: 31
RS_FilterDXF::addLayer: flags
 Layer is NOT frozen, Layer is NOT locked, Layer is NOT a help layer, plot it.
RS_FilterDXF::addLayer: OK
--end layer-------------------------------------------------------------------------
RS_FilterDXF::addBlock  adding block: *Paper_SpaceRS_FilterDXF::addBlock  adding block: *Model_SpaceRS_FilterDXF::addBlock  adding block: *Paper_Space0RS_FilterDXF::addBlock  adding block: pepRS_FilterDXF::addBlock  adding block: popobject map Handle= 12 18893
object map Handle= 13 33352
object map Handle= 14 20713
object map Handle= 15 34100
object map Handle= 17 31447
object map Handle= 18 32727
object map Handle= 23 20658
object map Handle= 24 34033
object map Handle= 25 20692
object map Handle= 26 33372
object map Handle= 34 37859
object map Handle= 39 33157
object map Handle= 94 24216
object map Handle= 95 24473
object map Handle= 99 24495
object map Handle= 106 20554
object map Handle= 107 33331
object map Handle= 126 21395
object map Handle= 127 34467
object map Handle= 132 36033
object map Handle= 158 32751
object map Handle= 211 38191
object map Handle= 215 38409
object map Handle= 234 32561
object map Handle= 236 33531
object map Handle= 237 33437
object map Handle= 238 33625
object map Handle= 239 21440
object map Handle= 240 22363
object map Handle= 241 22466
object map Handle= 242 22581
object map Handle= 243 22688
object map Handle= 244 34836
object map Handle= 245 34724
object map Handle= 246 23951
object map Handle= 247 22806
object map Handle= 248 21907
object map Handle= 249 23259
object map Handle= 250 22027
object map Handle= 251 34941
object map Handle= 252 23842
object map Handle= 253 23033
object map Handle= 254 22250
object map Handle= 255 21794
object map Handle= 268 20748
object map Handle= 269 34118
object map Handle= 301 20608
object map Handle= 302 33920
object map Handle= 306 31513
object map Handle= 307 32781
object map Handle= 308 32812
object map Handle= 309 18572
object map Handle= 310 18611
object map Handle= 311 32971
object map Handle= 315 33806
object map Handle= 316 37342
object map Handle= 325 36002
object map Handle= 326 35976
object map Handle= 354 39107
object map Handle= 357 18651
object map Handle= 371 38741
object map Handle= 372 69515
object map Handle= 373 69484
object map Handle= 374 38863
object map Handle= 375 38894
object map Handle= 430 24542
object map Handle= 431 24566
object map Handle= 432 32847
object map Handle= 446 34144
object map Handle= 447 34179
object map Handle= 448 20894
object map Handle= 449 20929
object map Handle= 450 20964
object map Handle= 451 21000
object map Handle= 452 21036
object map Handle= 453 21072
object map Handle= 454 21108
object map Handle= 455 21144
object map Handle= 456 21180
object map Handle= 457 21217
object map Handle= 458 21252
object map Handle= 459 21287
object map Handle= 460 21322
object map Handle= 461 21358
object map Handle= 462 37224
object map Handle= 484 22922
object map Handle= 485 23146
object map Handle= 486 22136
object map Handle= 495 23601
object map Handle= 496 23725
object map Handle= 497 24060
object map Handle= 498 23479
object map Handle= 499 23369
object map Handle= 503 38684
object map Handle= 504 63541
object map Handle= 505 38627
object map Handle= 506 57599
object map Handle= 507 69545
object map Handle= 511 31377
object map Handle= 512 37320
object map Handle= 517 57332
object map Handle= 518 79725
object map Handle= 536 24913
object map Handle= 537 25265
object map Handle= 538 25312
object map Handle= 539 37051
object map Handle= 540 36236
object map Handle= 541 36213
object map Handle= 543 36882
object map Handle= 544 31613
object map Handle= 545 34214
object map Handle= 546 56971
object map Handle= 547 36980
object map Handle= 548 18687
object map Handle= 549 79606
object map Handle= 550 79556
object map Handle= 551 176415
object map Handle= 552 57256
object map Handle= 553 36191
object map Handle= 554 25339
object map Handle= 555 37793
object map Handle= 556 57094
object map Handle= 557 18733
object map Handle= 558 24808
object map Handle= 561 18757
object map Handle= 564 18784
object map Handle= 577 33280
object map Handle= 582 30486

***************************** parsing entity *********************************************
Entity Handle: 0.2.582 ext data size: 0 graphFlag: 0
 objSize in bits: 291
entmode: 0, numReactors: 0, nextLinkers: 0 entity color: 256 ltScale: 1
ltFlags: 0 lineType: bylayer, plotFlags: 0 invisibleFlag: 0 lwFlag (lWeight): 29

***************************** parsing line *********************************************
startX: 100, endX: 150, startY: 0, endY: 0, startZ: 0, endZ: 0
X handleAssoc: 
 Block Handle: 0. XDicObj control Handle: 3.0.0
Remaining bytes: 4
 nextLinkers Handle: 4.0.0

 Remaining bytes: 3
 nextLinkers Handle: 6.0.0

 Remaining bytes: 2
 layer Handle: 5.1.16
   Remaining bytes: 0
RS_FilterDXF::addLine:
start point: 100 , 0
end point: 150 , 0
RS_FilterDXF::EntityAttributes
Layer: 0 Color: 256 Linetype: bylayer Width: 29
object map Handle= 583 30532

***************************** parsing entity *********************************************
Entity Handle: 0.2.583 ext data size: 0 graphFlag: 0
 objSize in bits: 291
entmode: 0, numReactors: 0, nextLinkers: 1 entity color: 256 ltScale: 1
ltFlags: 0 lineType: bylayer, plotFlags: 0 invisibleFlag: 0 lwFlag (lWeight): 29

***************************** parsing line *********************************************
startX: 150, endX: 150, startY: 0, endY: 50, startZ: 0, endZ: 0
X handleAssoc: 
 Block Handle: 0. XDicObj control Handle: 3.0.0
Remaining bytes: 2
 layer Handle: 5.1.16
   Remaining bytes: 0
RS_FilterDXF::addLine:
start point: 150 , 0
end point: 150 , 50
RS_FilterDXF::EntityAttributes
Layer: 0 Color: 256 Linetype: bylayer Width: 29
object map Handle= 584 30576

***************************** parsing entity *********************************************
Entity Handle: 0.2.584 ext data size: 0 graphFlag: 0
 objSize in bits: 291
entmode: 0, numReactors: 0, nextLinkers: 1 entity color: 256 ltScale: 1
ltFlags: 0 lineType: bylayer, plotFlags: 0 invisibleFlag: 0 lwFlag (lWeight): 29

***************************** parsing line *********************************************
startX: 150, endX: 100, startY: 50, endY: 50, startZ: 0, endZ: 0
X handleAssoc: 
 Block Handle: 0. XDicObj control Handle: 3.0.0
Remaining bytes: 2
 layer Handle: 5.1.16
   Remaining bytes: 0
RS_FilterDXF::addLine:
start point: 150 , 50
end point: 100 , 50
RS_FilterDXF::EntityAttributes
Layer: 0 Color: 256 Linetype: bylayer Width: 29
object map Handle= 585 30620

***************************** parsing entity *********************************************
Entity Handle: 0.2.585 ext data size: 0 graphFlag: 0
 objSize in bits: 291
entmode: 0, numReactors: 0, nextLinkers: 1 entity color: 256 ltScale: 1
ltFlags: 0 lineType: bylayer, plotFlags: 0 invisibleFlag: 0 lwFlag (lWeight): 29

***************************** parsing line *********************************************
startX: 100, endX: 100, startY: 50, endY: 0, startZ: 0, endZ: 0
X handleAssoc: 
 Block Handle: 0. XDicObj control Handle: 3.0.0
Remaining bytes: 2
 layer Handle: 5.1.16
   Remaining bytes: 0
RS_FilterDXF::addLine:
start point: 100 , 50
end point: 100 , 0
RS_FilterDXF::EntityAttributes
Layer: 0 Color: 256 Linetype: bylayer Width: 29
object map Handle= 586 30664

***************************** parsing entity *********************************************
Entity Handle: 0.2.586 ext data size: 0 graphFlag: 0
 objSize in bits: 291
entmode: 0, numReactors: 0, nextLinkers: 1 entity color: 256 ltScale: 1
ltFlags: 0 lineType: bylayer, plotFlags: 0 invisibleFlag: 0 lwFlag (lWeight): 29

***************************** parsing line *********************************************
startX: 50, endX: 100, startY: 0, endY: 0, startZ: 0, endZ: 0
X handleAssoc: 
 Block Handle: 0. XDicObj control Handle: 3.0.0
Remaining bytes: 2
 layer Handle: 5.1.16
   Remaining bytes: 0
RS_FilterDXF::addLine:
start point: 50 , 0
end point: 100 , 0
RS_FilterDXF::EntityAttributes
Layer: 0 Color: 256 Linetype: bylayer Width: 29
object map Handle= 587 30708

***************************** parsing entity *********************************************
Entity Handle: 0.2.587 ext data size: 0 graphFlag: 0
 objSize in bits: 291
entmode: 0, numReactors: 0, nextLinkers: 1 entity color: 256 ltScale: 1
ltFlags: 0 lineType: bylayer, plotFlags: 0 invisibleFlag: 0 lwFlag (lWeight): 29

***************************** parsing line *********************************************
startX: 100, endX: 100, startY: 0, endY: 50, startZ: 0, endZ: 0
X handleAssoc: 
 Block Handle: 0. XDicObj control Handle: 3.0.0
Remaining bytes: 2
 layer Handle: 5.1.16
   Remaining bytes: 0
RS_FilterDXF::addLine:
start point: 100 , 0
end point: 100 , 50
RS_FilterDXF::EntityAttributes
Layer: 0 Color: 256 Linetype: bylayer Width: 29
object map Handle= 588 30752

***************************** parsing entity *********************************************
Entity Handle: 0.2.588 ext data size: 0 graphFlag: 0
 objSize in bits: 291
entmode: 0, numReactors: 0, nextLinkers: 1 entity color: 256 ltScale: 1
ltFlags: 0 lineType: bylayer, plotFlags: 0 invisibleFlag: 0 lwFlag (lWeight): 29

***************************** parsing line *********************************************
startX: 100, endX: 50, startY: 50, endY: 50, startZ: 0, endZ: 0
X handleAssoc: 
 Block Handle: 0. XDicObj control Handle: 3.0.0
Remaining bytes: 2
 layer Handle: 5.1.16
   Remaining bytes: 0
RS_FilterDXF::addLine:
start point: 100 , 50
end point: 50 , 50
RS_FilterDXF::EntityAttributes
Layer: 0 Color: 256 Linetype: bylayer Width: 29
object map Handle= 589 30796

***************************** parsing entity *********************************************
Entity Handle: 0.2.589 ext data size: 0 graphFlag: 0
 objSize in bits: 291
entmode: 0, numReactors: 0, nextLinkers: 1 entity color: 256 ltScale: 1
ltFlags: 0 lineType: bylayer, plotFlags: 0 invisibleFlag: 0 lwFlag (lWeight): 29

***************************** parsing line *********************************************
startX: 50, endX: 50, startY: 50, endY: 0, startZ: 0, endZ: 0
X handleAssoc: 
 Block Handle: 0. XDicObj control Handle: 3.0.0
Remaining bytes: 2
 layer Handle: 5.1.16
   Remaining bytes: 0
RS_FilterDXF::addLine:
start point: 50 , 50
end point: 50 , 0
RS_FilterDXF::EntityAttributes
Layer: 0 Color: 256 Linetype: bylayer Width: 29
object map Handle= 590 30840

***************************** parsing entity *********************************************
Entity Handle: 0.2.590 ext data size: 0 graphFlag: 0
 objSize in bits: 291
entmode: 0, numReactors: 0, nextLinkers: 1 entity color: 256 ltScale: 1
ltFlags: 0 lineType: bylayer, plotFlags: 0 invisibleFlag: 0 lwFlag (lWeight): 29

***************************** parsing line *********************************************
startX: 0, endX: 50, startY: 0, endY: 0, startZ: 0, endZ: 0
X handleAssoc: 
 Block Handle: 0. XDicObj control Handle: 3.0.0
Remaining bytes: 2
 layer Handle: 5.1.16
   Remaining bytes: 0
RS_FilterDXF::addLine:
start point: 0 , 0
end point: 50 , 0
RS_FilterDXF::EntityAttributes
Layer: 0 Color: 256 Linetype: bylayer Width: 29
object map Handle= 591 30884

***************************** parsing entity *********************************************
Entity Handle: 0.2.591 ext data size: 0 graphFlag: 0
 objSize in bits: 291
entmode: 0, numReactors: 0, nextLinkers: 1 entity color: 256 ltScale: 1
ltFlags: 0 lineType: bylayer, plotFlags: 0 invisibleFlag: 0 lwFlag (lWeight): 29

***************************** parsing line *********************************************
startX: 50, endX: 50, startY: 0, endY: 50, startZ: 0, endZ: 0
X handleAssoc: 
 Block Handle: 0. XDicObj control Handle: 3.0.0
Remaining bytes: 2
 layer Handle: 5.1.16
   Remaining bytes: 0
RS_FilterDXF::addLine:
start point: 50 , 0
end point: 50 , 50
RS_FilterDXF::EntityAttributes
Layer: 0 Color: 256 Linetype: bylayer Width: 29
object map Handle= 592 30928

***************************** parsing entity *********************************************
Entity Handle: 0.2.592 ext data size: 0 graphFlag: 0
 objSize in bits: 291
entmode: 0, numReactors: 0, nextLinkers: 1 entity color: 256 ltScale: 1
ltFlags: 0 lineType: bylayer, plotFlags: 0 invisibleFlag: 0 lwFlag (lWeight): 29

***************************** parsing line *********************************************
startX: 50, endX: 0, startY: 50, endY: 50, startZ: 0, endZ: 0
X handleAssoc: 
 Block Handle: 0. XDicObj control Handle: 3.0.0
Remaining bytes: 2
 layer Handle: 5.1.16
   Remaining bytes: 0
RS_FilterDXF::addLine:
start point: 50 , 50
end point: 0 , 50
RS_FilterDXF::EntityAttributes
Layer: 0 Color: 256 Linetype: bylayer Width: 29
object map Handle= 593 30972

***************************** parsing entity *********************************************
Entity Handle: 0.2.593 ext data size: 0 graphFlag: 0
 objSize in bits: 291
entmode: 0, numReactors: 0, nextLinkers: 0 entity color: 256 ltScale: 1
ltFlags: 0 lineType: bylayer, plotFlags: 0 invisibleFlag: 0 lwFlag (lWeight): 29

***************************** parsing line *********************************************
startX: 0, endX: 0, startY: 50, endY: 0, startZ: 0, endZ: 0
X handleAssoc: 
 Block Handle: 0. XDicObj control Handle: 3.0.0
Remaining bytes: 5
 nextLinkers Handle: 8.0.0

 Remaining bytes: 4
 nextLinkers Handle: 10.1.12

 Remaining bytes: 2
 layer Handle: 5.1.16
   Remaining bytes: 0
RS_FilterDXF::addLine:
start point: 0 , 50
end point: 0 , 0
RS_FilterDXF::EntityAttributes
Layer: 0 Color: 256 Linetype: bylayer Width: 29
object map Handle= 601 27783

***************************** parsing entity *********************************************
Entity Handle: 0.2.601 ext data size: 0 graphFlag: 0
 objSize in bits: 363
entmode: 2, numReactors: 0, nextLinkers: 0 entity color: 1 ltScale: 1
ltFlags: 0 lineType: bylayer, plotFlags: 0 invisibleFlag: 0 lwFlag (lWeight): 29

***************************** parsing line *********************************************
startX: 4.57282, endX: 14.1539, startY: 1.95845, endY: 38.4076, startZ: 0, endZ: 0
X handleAssoc: 
owner Handle: 12.1.3
   Remaining bytes: 5
 Block Handle: 598. XDicObj control Handle: 3.0.0
Remaining bytes: 4
 nextLinkers Handle: 4.0.0

 Remaining bytes: 3
 nextLinkers Handle: 6.0.0

 Remaining bytes: 2
 layer Handle: 5.1.16
   Remaining bytes: 0
RS_FilterDXF::addLine:
start point: 4.57282 , 1.95845
end point: 14.1539 , 38.4076
RS_FilterDXF::EntityAttributes
Layer: 0 Color: 1 Linetype: bylayer Width: 29
object map Handle= 602 27840

***************************** parsing entity *********************************************
Entity Handle: 0.2.602 ext data size: 0 graphFlag: 0
 objSize in bits: 363
entmode: 2, numReactors: 0, nextLinkers: 1 entity color: 1 ltScale: 1
ltFlags: 0 lineType: bylayer, plotFlags: 0 invisibleFlag: 0 lwFlag (lWeight): 29

***************************** parsing line *********************************************
startX: 14.1539, endX: 17.5291, startY: 38.4076, endY: 2.72008, startZ: 0, endZ: 0
X handleAssoc: 
owner Handle: 12.1.4
   Remaining bytes: 3
 Block Handle: 598. XDicObj control Handle: 3.0.0
Remaining bytes: 2
 layer Handle: 5.1.16
   Remaining bytes: 0
RS_FilterDXF::addLine:
start point: 14.1539 , 38.4076
end point: 17.5291 , 2.72008
RS_FilterDXF::EntityAttributes
Layer: 0 Color: 1 Linetype: bylayer Width: 29
object map Handle= 603 27895

***************************** parsing entity *********************************************
Entity Handle: 0.2.603 ext data size: 0 graphFlag: 0
 objSize in bits: 363
entmode: 2, numReactors: 0, nextLinkers: 1 entity color: 1 ltScale: 1
ltFlags: 0 lineType: bylayer, plotFlags: 0 invisibleFlag: 0 lwFlag (lWeight): 29

***************************** parsing line *********************************************
startX: 17.5291, endX: 23.4084, startY: 2.72008, endY: 38.5164, startZ: 0, endZ: 0
X handleAssoc: 
owner Handle: 12.1.5
   Remaining bytes: 3
 Block Handle: 598. XDicObj control Handle: 3.0.0
Remaining bytes: 2
 layer Handle: 5.1.16
   Remaining bytes: 0
RS_FilterDXF::addLine:
start point: 17.5291 , 2.72008
end point: 23.4084 , 38.5164
RS_FilterDXF::EntityAttributes
Layer: 0 Color: 1 Linetype: bylayer Width: 29
object map Handle= 604 27950

***************************** parsing entity *********************************************
Entity Handle: 0.2.604 ext data size: 0 graphFlag: 0
 objSize in bits: 363
entmode: 2, numReactors: 0, nextLinkers: 0 entity color: 1 ltScale: 1
ltFlags: 0 lineType: bylayer, plotFlags: 0 invisibleFlag: 0 lwFlag (lWeight): 29

***************************** parsing line *********************************************
startX: 23.4084, endX: 24.4972, startY: 38.5164, endY: 1.84965, startZ: 0, endZ: 0
X handleAssoc: 
owner Handle: 12.1.6
   Remaining bytes: 6
 Block Handle: 598. XDicObj control Handle: 3.0.0
Remaining bytes: 5
 nextLinkers Handle: 8.0.0

 Remaining bytes: 4
 nextLinkers Handle: 10.1.23

 Remaining bytes: 2
 layer Handle: 5.1.16
   Remaining bytes: 0
RS_FilterDXF::addLine:
start point: 23.4084 , 38.5164
end point: 24.4972 , 1.84965
RS_FilterDXF::EntityAttributes
Layer: 0 Color: 1 Linetype: bylayer Width: 29
object map Handle= 605 31019

***************************** parsing entity *********************************************
Entity Handle: 0.2.605 ext data size: 0 graphFlag: 0
 objSize in bits: 245
entmode: 0, numReactors: 0, nextLinkers: 0 entity color: 1 ltScale: 1
ltFlags: 0 lineType: bylayer, plotFlags: 0 invisibleFlag: 0 lwFlag (lWeight): 29

***************************** parsing insert *********************************************
insertionpoint X: 5.59976, Y: 3.6473, Z: 0
scale X: 1, Y: 1, Z: 1, angle: 0
X handleAssoc: 
 Block Handle: 0. XDicObj control Handle: 9.1.134
Remaining bytes: 8
 nextLinkers Handle: 0.8.3070230711

 Remaining bytes: 0
 nextLinkers Handle: 11.7.3082223799

 Remaining bytes: 0
 layer Handle: 11.7.3082223799
   Remaining bytes: 0
BLOCK HEADER Handle: 0.0.0
RS_FilterDXF::addInsertobject map Handle= 606 31063

***************************** parsing entity *********************************************
Entity Handle: 0.2.606 ext data size: 0 graphFlag: 0
 objSize in bits: 347
entmode: 0, numReactors: 0, nextLinkers: 1 entity color: 2 ltScale: 1
ltFlags: 0 lineType: bylayer, plotFlags: 0 invisibleFlag: 0 lwFlag (lWeight): 29

***************************** parsing line *********************************************
startX: 58.9492, endX: 92.3743, startY: 33.2418, endY: 33.0242, startZ: 0, endZ: 0
X handleAssoc: 
 Block Handle: 0. XDicObj control Handle: 3.0.0
Remaining bytes: 2
 layer Handle: 5.1.16
   Remaining bytes: 0
RS_FilterDXF::addLine:
start point: 58.9492 , 33.2418
end point: 92.3743 , 33.0242
RS_FilterDXF::EntityAttributes
Layer: 0 Color: 2 Linetype: bylayer Width: 29
object map Handle= 607 31114

***************************** parsing entity *********************************************
Entity Handle: 0.2.607 ext data size: 0 graphFlag: 0
 objSize in bits: 363
entmode: 0, numReactors: 0, nextLinkers: 1 entity color: 2 ltScale: 1
ltFlags: 0 lineType: bylayer, plotFlags: 0 invisibleFlag: 0 lwFlag (lWeight): 29

***************************** parsing line *********************************************
startX: 92.3743, endX: 58.6226, startY: 33.0242, endY: 23.5583, startZ: 0, endZ: 0
X handleAssoc: 
 Block Handle: 0. XDicObj control Handle: 3.0.0
Remaining bytes: 2
 layer Handle: 5.1.16
   Remaining bytes: 0
RS_FilterDXF::addLine:
start point: 92.3743 , 33.0242
end point: 58.6226 , 23.5583
RS_FilterDXF::EntityAttributes
Layer: 0 Color: 2 Linetype: bylayer Width: 29
object map Handle= 608 31167

***************************** parsing entity *********************************************
Entity Handle: 0.2.608 ext data size: 0 graphFlag: 0
 objSize in bits: 299
entmode: 0, numReactors: 0, nextLinkers: 0 entity color: 2 ltScale: 1
ltFlags: 0 lineType: bylayer, plotFlags: 0 invisibleFlag: 0 lwFlag (lWeight): 29

***************************** parsing line *********************************************
startX: 58.6226, endX: 93.4631, startY: 23.5583, endY: 23.5583, startZ: 0, endZ: 0
X handleAssoc: 
 Block Handle: 0. XDicObj control Handle: 3.0.0
Remaining bytes: 5
 nextLinkers Handle: 8.0.0

 Remaining bytes: 4
 nextLinkers Handle: 10.1.8

 Remaining bytes: 2
 layer Handle: 5.1.16
   Remaining bytes: 0
RS_FilterDXF::addLine:
start point: 58.6226 , 23.5583
end point: 93.4631 , 23.5583
RS_FilterDXF::EntityAttributes
Layer: 0 Color: 2 Linetype: bylayer Width: 29
object map Handle= 614 30316

***************************** parsing entity *********************************************
Entity Handle: 0.2.614 ext data size: 0 graphFlag: 0
 objSize in bits: 302
entmode: 2, numReactors: 0, nextLinkers: 0 entity color: 3 ltScale: 1
ltFlags: 0 lineType: bylayer, plotFlags: 0 invisibleFlag: 0 lwFlag (lWeight): 29

***************************** parsing circle *********************************************
startX: 0.76214, startY: 18.9318, startZ: 0 radius: 7.75198X handleAssoc: 
owner Handle: 12.1.3
   Remaining bytes: 5
 Block Handle: 611. XDicObj control Handle: 3.0.0
Remaining bytes: 4
 nextLinkers Handle: 4.0.0

 Remaining bytes: 3
 nextLinkers Handle: 6.0.0

 Remaining bytes: 2
 layer Handle: 5.1.16
   Remaining bytes: 0
RS_FilterDXF::addCircleobject map Handle= 615 30365

***************************** parsing entity *********************************************
Entity Handle: 0.2.615 ext data size: 0 graphFlag: 0
 objSize in bits: 302
entmode: 2, numReactors: 0, nextLinkers: 0 entity color: 3 ltScale: 1
ltFlags: 0 lineType: bylayer, plotFlags: 0 invisibleFlag: 0 lwFlag (lWeight): 29

***************************** parsing circle *********************************************
startX: 14.2628, startY: 4.13453, startZ: 0 radius: 7.83791X handleAssoc: 
owner Handle: 12.1.4
   Remaining bytes: 5
 Block Handle: 611. XDicObj control Handle: 3.0.0
Remaining bytes: 4
 nextLinkers Handle: 8.0.0

 Remaining bytes: 3
 nextLinkers Handle: 4.0.0

 Remaining bytes: 2
 layer Handle: 5.1.16
   Remaining bytes: 0
RS_FilterDXF::addCircleobject map Handle= 616 31215

***************************** parsing entity *********************************************
Entity Handle: 0.2.616 ext data size: 0 graphFlag: 0
 objSize in bits: 245
entmode: 0, numReactors: 0, nextLinkers: 0 entity color: 3 ltScale: 1
ltFlags: 0 lineType: bylayer, plotFlags: 0 invisibleFlag: 0 lwFlag (lWeight): 29

***************************** parsing insert *********************************************
insertionpoint X: 116.327, Y: 14.0924, Z: 0
scale X: 1, Y: 1, Z: 1, angle: 0
X handleAssoc: 
 Block Handle: 0. XDicObj control Handle: 9.1.134
Remaining bytes: 8
 nextLinkers Handle: 0.8.520093727

 Remaining bytes: 0
 nextLinkers Handle: 1.15.522125343

 Remaining bytes: 0
 layer Handle: 1.15.522125343
   Remaining bytes: 0
BLOCK HEADER Handle: 0.0.0
RS_FilterDXF::addInsertobject map Handle= 617 31259

***************************** parsing entity *********************************************
Entity Handle: 0.2.617 ext data size: 0 graphFlag: 0
 objSize in bits: 434
entmode: 0, numReactors: 0, nextLinkers: 0 entity color: 3 ltScale: 1
ltFlags: 0 lineType: bylayer, plotFlags: 0 invisibleFlag: 0 lwFlag (lWeight): 29

***************************** parsing circle arc *********************************************
startX: 72.5693, Y: 7.71587, : 0 radius: 13.2089 start angle: 0.237871 end angle: 1.82149X handleAssoc: 
 Block Handle: 0. XDicObj control Handle: 3.0.0
Remaining bytes: 4
 nextLinkers Handle: 8.0.0

 Remaining bytes: 3
 nextLinkers Handle: 4.0.0

 Remaining bytes: 2
 layer Handle: 5.1.16
   Remaining bytes: 0
RS_FilterDXF::addArcobject map Handle= 627 28008

***************************** parsing entity *********************************************
Entity Handle: 0.2.627 ext data size: 0 graphFlag: 0
 objSize in bits: 363
entmode: 2, numReactors: 0, nextLinkers: 0 entity color: 4 ltScale: 1
ltFlags: 0 lineType: bylayer, plotFlags: 0 invisibleFlag: 0 lwFlag (lWeight): 29

***************************** parsing line *********************************************
startX: 3.04854, endX: 38.6512, startY: 30.3561, endY: 29.0505, startZ: 0, endZ: 0
X handleAssoc: 
owner Handle: 12.1.29
   Remaining bytes: 6
 Block Handle: 598. XDicObj control Handle: 3.0.0
Remaining bytes: 5
 nextLinkers Handle: 12.1.23

 Remaining bytes: 3
 nextLinkers Handle: 6.0.0

 Remaining bytes: 2
 layer Handle: 5.1.16
   Remaining bytes: 0
RS_FilterDXF::addLine:
start point: 3.04854 , 30.3561
end point: 38.6512 , 29.0505
RS_FilterDXF::EntityAttributes
Layer: 0 Color: 4 Linetype: bylayer Width: 29
object map Handle= 628 28066

***************************** parsing entity *********************************************
Entity Handle: 0.2.628 ext data size: 0 graphFlag: 0
 objSize in bits: 363
entmode: 2, numReactors: 0, nextLinkers: 0 entity color: 4 ltScale: 1
ltFlags: 0 lineType: bylayer, plotFlags: 0 invisibleFlag: 0 lwFlag (lWeight): 29

***************************** parsing line *********************************************
startX: 38.6512, endX: 1.85091, startY: 29.0505, endY: 21.3255, startZ: 0, endZ: 0
X handleAssoc: 
owner Handle: 12.1.30
   Remaining bytes: 5
 Block Handle: 598. XDicObj control Handle: 3.0.0
Remaining bytes: 4
 nextLinkers Handle: 8.0.0

 Remaining bytes: 3
 nextLinkers Handle: 4.0.0

 Remaining bytes: 2
 layer Handle: 5.1.16
   Remaining bytes: 0
RS_FilterDXF::addLine:
start point: 38.6512 , 29.0505
end point: 1.85091 , 21.3255
RS_FilterDXF::EntityAttributes
Layer: 0 Color: 4 Linetype: bylayer Width: 29
object map Handle= 633 37130
object map Handle= 634 57034
object map Handle= 635 36063
object map Handle= 637 24844
object map Handle= 638 36149
object map Handle= 639 18810
object map Handle= 640 76196
object map Handle= 641 38970
object map Handle= 642 75444
object map Handle= 643 38925
object map Handle= 644 75381
object map Handle= 645 39015
object map Handle= 646 75507
object map Handle= 647 24168
object map Handle= 648 25362
object map Handle= 649 32517
object map Handle= 650 37361
object map Handle= 651 79631
object map Handle= 652 76923
object map Handle= 653 57406
object map Handle= 654 176229
object map Handle= 655 57450
object map Handle= 656 176322
object map Handle= 657 63436
object map Handle= 658 57494
object map Handle= 659 69378
object map Handle= 660 35272
object map Handle= 661 43531
object map Handle= 662 35316
object map Handle= 663 44371
object map Handle= 664 35360
object map Handle= 665 45211
object map Handle= 666 35404
object map Handle= 667 46051
object map Handle= 668 39243
object map Handle= 669 77876
object map Handle= 670 39199
object map Handle= 671 77036
object map Handle= 672 35888
object map Handle= 673 55291
object map Handle= 674 35448
object map Handle= 675 46891
object map Handle= 676 35096
object map Handle= 677 40171
object map Handle= 678 35624
object map Handle= 679 50251
object map Handle= 680 35140
object map Handle= 681 41011
object map Handle= 682 39287
object map Handle= 683 78716
object map Handle= 684 35844
object map Handle= 685 54451
object map Handle= 686 35536
object map Handle= 687 48571
object map Handle= 688 35228
object map Handle= 689 42691
object map Handle= 690 35052
object map Handle= 691 39331
object map Handle= 692 35492
object map Handle= 693 47731
object map Handle= 694 35580
object map Handle= 695 49411
object map Handle= 696 35184
object map Handle= 697 41851
object map Handle= 698 35756
object map Handle= 699 52771
object map Handle= 700 35800
object map Handle= 701 53611
object map Handle= 702 35932
object map Handle= 703 56131
object map Handle= 704 35712
object map Handle= 705 51931
object map Handle= 706 35668
object map Handle= 707 51091
object map Handle= 708 76084
object map Handle= 709 24614
object map Handle= 710 24590
object map Handle= 711 24725
object map Handle= 712 24518
object map Handle= 713 24751
object map Handle= 714 24701
object map Handle= 715 24670
object map Handle= 716 24638
object map Handle= 717 24784
FilterDXFRW::~RS_FilterDXFRW(): OK